<?xml version="1.0" encoding="UTF-8"?>
<testng-results ignored="0" total="1" passed="1" failed="0" skipped="0">
  <reporter-output>
  </reporter-output>
  <suite started-at="2025-11-11T18:47:19 EST" name="Default suite" finished-at="2025-11-11T18:47:32 EST" duration-ms="12756">
    <groups>
    </groups>
    <test started-at="2025-11-11T18:47:19 EST" name="Default test" finished-at="2025-11-11T18:47:32 EST" duration-ms="12756">
      <class name="tests.RegistrationPageTest">
        <test-method is-config="true" signature="setUp()[pri:0, instance:tests.RegistrationPageTest@3e694b3f]" started-at="2025-11-11T18:47:19 EST" name="setUp" finished-at="2025-11-11T18:47:28 EST" duration-ms="9490" status="PASS">
          <reporter-output>
          </reporter-output>
        </test-method> <!-- setUp -->
        <test-method signature="RegisterUser()[pri:0, instance:tests.RegistrationPageTest@3e694b3f]" started-at="2025-11-11T18:47:28 EST" name="RegisterUser" finished-at="2025-11-11T18:47:32 EST" duration-ms="3172" status="PASS">
          <reporter-output>
          </reporter-output>
        </test-method> <!-- RegisterUser -->
      </class> <!-- tests.RegistrationPageTest -->
    </test> <!-- Default test -->
  </suite> <!-- Default suite -->
</testng-results>
