<?xml version="1.0" encoding="UTF-8"?>
<testng-results ignored="0" total="1" passed="1" failed="0" skipped="0">
  <reporter-output>
  </reporter-output>
  <suite started-at="2025-11-17T17:48:01 EST" name="Default suite" finished-at="2025-11-17T17:48:14 EST" duration-ms="13655">
    <groups>
    </groups>
    <test started-at="2025-11-17T17:48:01 EST" name="Default test" finished-at="2025-11-17T17:48:14 EST" duration-ms="13655">
      <class name="tests.RegistrationPageTest">
        <test-method is-config="true" signature="setupReport()[pri:0, instance:tests.RegistrationPageTest@b3ca52e]" started-at="2025-11-17T17:48:00 EST" name="setupReport" finished-at="2025-11-17T17:48:01 EST" duration-ms="566" status="PASS">
          <reporter-output>
          </reporter-output>
        </test-method> <!-- setupReport -->
        <test-method is-config="true" signature="setUp()[pri:0, instance:tests.RegistrationPageTest@b3ca52e]" started-at="2025-11-17T17:48:03 EST" name="setUp" finished-at="2025-11-17T17:48:10 EST" duration-ms="7879" status="PASS">
          <reporter-output>
          </reporter-output>
        </test-method> <!-- setUp -->
        <test-method signature="RegisterValidUser(java.lang.String,java.lang.String,java.lang.String,java.lang.String,java.lang.String,java.lang.String,java.lang.String,java.lang.String,java.lang.String,java.lang.String,java.lang.String)[pri:0, instance:tests.RegistrationPageTest@b3ca52e]" started-at="2025-11-17T17:48:10 EST" name="RegisterValidUser" description="Valid Registration" data-provider="RegistrationData" finished-at="2025-11-17T17:48:12 EST" duration-ms="1872" status="PASS">
          <params>
            <param index="0">
              <value>
                <![CDATA[Jack]]>
              </value>
            </param>
            <param index="1">
              <value>
                <![CDATA[Reacher]]>
              </value>
            </param>
            <param index="2">
              <value>
                <![CDATA[1234 Test Drive]]>
              </value>
            </param>
            <param index="3">
              <value>
                <![CDATA[New York]]>
              </value>
            </param>
            <param index="4">
              <value>
                <![CDATA[NY]]>
              </value>
            </param>
            <param index="5">
              <value>
                <![CDATA[98765]]>
              </value>
            </param>
            <param index="6">
              <value>
                <![CDATA[2147483647]]>
              </value>
            </param>
            <param index="7">
              <value>
                <![CDATA[985632147]]>
              </value>
            </param>
            <param index="8">
              <value>
                <![CDATA[Testuser1]]>
              </value>
            </param>
            <param index="9">
              <value>
                <![CDATA[TestPass1]]>
              </value>
            </param>
            <param index="10">
              <value>
                <![CDATA[TestPass1]]>
              </value>
            </param>
          </params>
          <reporter-output>
          </reporter-output>
        </test-method> <!-- RegisterValidUser -->
        <test-method is-config="true" signature="tearDown(org.testng.ITestResult)[pri:0, instance:tests.RegistrationPageTest@b3ca52e]" started-at="2025-11-17T17:48:12 EST" name="tearDown" finished-at="2025-11-17T17:48:14 EST" duration-ms="1950" status="PASS">
          <params>
            <param index="0">
              <value>
                <![CDATA[[TestResult name=RegisterValidUser status=SUCCESS method=RegistrationPageTest.RegisterValidUser(java.lang.String,java.lang.String,java.lang.String,java.lang.String,java.lang.String,java.lang.String,java.lang.String,java.lang.String,java.lang.String,java.lang.String,java.lang.String)[pri:0, instance:tests.RegistrationPageTest@b3ca52e] output={null}]]]>
              </value>
            </param>
          </params>
          <reporter-output>
          </reporter-output>
        </test-method> <!-- tearDown -->
        <test-method is-config="true" signature="teardownReport()[pri:0, instance:tests.RegistrationPageTest@b3ca52e]" started-at="2025-11-17T17:48:14 EST" name="teardownReport" finished-at="2025-11-17T17:48:15 EST" duration-ms="443" status="PASS">
          <reporter-output>
          </reporter-output>
        </test-method> <!-- teardownReport -->
      </class> <!-- tests.RegistrationPageTest -->
    </test> <!-- Default test -->
  </suite> <!-- Default suite -->
</testng-results>
